barkatekhwaja/app/build/intermediates/manifest_merge_blame_file/debug/manifest-merger-blame-debug-report.txt
1<?xml version="1.0" encoding="utf-8"?>
2<manifest xmlns:android="http://schemas.android.com/apk/res/android"
3    package="com.selfion.barkatekhwaja"
4    android:versionCode="1"
5    android:versionName="1.0" >
6
7    <uses-sdk
8        android:minSdkVersion="16"
8-->src\main\AndroidManifest.xml
9        android:targetSdkVersion="30" />
9-->src\main\AndroidManifest.xml
10
11    <uses-permission android:name="android.permission.INTERNET" />
11-->src\main\AndroidManifest.xml:6:5-67
11-->src\main\AndroidManifest.xml:6:22-64
12    <uses-permission android:name="android.permission.ACCESS_NETWORK_STATE" />
12-->src\main\AndroidManifest.xml:7:5-79
12-->src\main\AndroidManifest.xml:7:22-76
13    <uses-permission android:name="android.permission.READ_EXTERNAL_STORAGE" />
13-->src\main\AndroidManifest.xml:8:5-80
13-->src\main\AndroidManifest.xml:8:22-77
14    <uses-permission android:name="android.permission.WRITE_EXTERNAL_STORAGE" />
14-->src\main\AndroidManifest.xml:9:5-81
14-->src\main\AndroidManifest.xml:9:22-78
15    <uses-permission android:name="android.permission.WAKE_LOCK" />
15-->[com.google.firebase:firebase-measurement-connector-impl:17.0.5] AndroidManifest.xml:24:5-68
15-->[com.google.firebase:firebase-measurement-connector-impl:17.0.5] AndroidManifest.xml:24:22-65
16    <uses-permission android:name="com.google.android.finsky.permission.BIND_GET_INSTALL_REFERRER_SERVICE" /> <!-- Required by older versions of Google Play services to create IID tokens -->
16-->[com.google.firebase:firebase-analytics:16.3.0] AndroidManifest.xml:26:5-110
16-->[com.google.firebase:firebase-analytics:16.3.0] AndroidManifest.xml:26:22-107
17    <uses-permission android:name="com.google.android.c2dm.permission.RECEIVE" />
17-->[com.google.firebase:firebase-iid:17.1.0] AndroidManifest.xml:26:5-82
17-->[com.google.firebase:firebase-iid:17.1.0] AndroidManifest.xml:26:22-79
18
19    <application
19-->src\main\AndroidManifest.xml:11:5-49:19
20        android:allowBackup="true"
20-->src\main\AndroidManifest.xml:12:9-35
21        android:appComponentFactory="androidx.core.app.CoreComponentFactory"
21-->[androidx.core:core:1.3.1] AndroidManifest.xml:24:18-86
22        android:debuggable="true"
23        android:icon="@mipmap/barkate_logo"
23-->src\main\AndroidManifest.xml:13:9-44
24        android:label="@string/app_name"
24-->src\main\AndroidManifest.xml:14:9-41
25        android:roundIcon="@mipmap/barkate_logo"
25-->src\main\AndroidManifest.xml:15:9-49
26        android:supportsRtl="true"
26-->src\main\AndroidManifest.xml:16:9-35
27        android:theme="@style/Theme.BarkateKhwaja"
27-->src\main\AndroidManifest.xml:17:9-51
28        android:usesCleartextTraffic="true" >
28-->src\main\AndroidManifest.xml:18:9-44
29        <activity
29-->src\main\AndroidManifest.xml:19:9-29:20
30            android:name="com.selfion.barkatekhwaja.SplashActivity"
30-->src\main\AndroidManifest.xml:20:13-68
31            android:screenOrientation="portrait"
31-->src\main\AndroidManifest.xml:21:13-49
32            android:theme="@style/AppTheme.NoActionBar" >
32-->src\main\AndroidManifest.xml:22:13-56
33            <intent-filter>
33-->src\main\AndroidManifest.xml:24:13-28:29
34                <action android:name="android.intent.action.MAIN" />
34-->src\main\AndroidManifest.xml:25:17-69
34-->src\main\AndroidManifest.xml:25:25-66
35
36                <category android:name="android.intent.category.LAUNCHER" />
36-->src\main\AndroidManifest.xml:27:17-77
36-->src\main\AndroidManifest.xml:27:27-74
37            </intent-filter>
38        </activity>
39        <activity
39-->src\main\AndroidManifest.xml:30:9-33:55
40            android:name="com.selfion.barkatekhwaja.MainActivity"
40-->src\main\AndroidManifest.xml:30:19-72
41            android:screenOrientation="portrait"
41-->src\main\AndroidManifest.xml:31:13-49
42            android:theme="@style/AppTheme.NoActionBar" />
42-->src\main\AndroidManifest.xml:32:13-56
43        <!--
44        <activity android:name=".MainActivity">
45            <intent-filter>
46                <action android:name="android.intent.action.MAIN" />
47
48                <category android:name="android.intent.category.LAUNCHER" />
49            </intent-filter>
50        </activity>
51        -->
52
53        <service
53-->src\main\AndroidManifest.xml:42:9-48:19
54            android:name="com.selfion.barkatekhwaja.MyFirebaseMessagingService"
54-->src\main\AndroidManifest.xml:43:13-80
55            android:exported="false" >
55-->src\main\AndroidManifest.xml:44:13-37
56            <intent-filter>
56-->src\main\AndroidManifest.xml:45:13-47:29
57                <action android:name="com.google.firebase.MESSAGING_EVENT" />
57-->src\main\AndroidManifest.xml:46:17-78
57-->src\main\AndroidManifest.xml:46:25-75
58            </intent-filter>
59        </service>
60        <!--
61             FirebaseMessagingService performs security checks at runtime,
62             no need for explicit permissions despite exported="true"
63        -->
64        <service
64-->[com.google.firebase:firebase-messaging:17.4.0] AndroidManifest.xml:28:9-34:19
65            android:name="com.google.firebase.messaging.FirebaseMessagingService"
65-->[com.google.firebase:firebase-messaging:17.4.0] AndroidManifest.xml:29:13-82
66            android:exported="true" >
66-->[com.google.firebase:firebase-messaging:17.4.0] AndroidManifest.xml:30:13-36
67            <intent-filter android:priority="-500" >
67-->src\main\AndroidManifest.xml:45:13-47:29
68                <action android:name="com.google.firebase.MESSAGING_EVENT" />
68-->src\main\AndroidManifest.xml:46:17-78
68-->src\main\AndroidManifest.xml:46:25-75
69            </intent-filter>
70        </service>
71        <service
71-->[com.google.firebase:firebase-measurement-connector-impl:17.0.5] AndroidManifest.xml:27:9-31:19
72            android:name="com.google.firebase.components.ComponentDiscoveryService"
72-->[com.google.firebase:firebase-measurement-connector-impl:17.0.5] AndroidManifest.xml:27:18-89
73            android:exported="false" >
73-->[com.google.firebase:firebase-iid:17.1.0] AndroidManifest.xml:31:13-37
74            <meta-data
74-->[com.google.firebase:firebase-measurement-connector-impl:17.0.5] AndroidManifest.xml:28:13-30:85
75                android:name="com.google.firebase.components:com.google.firebase.analytics.connector.internal.AnalyticsConnectorRegistrar"
75-->[com.google.firebase:firebase-measurement-connector-impl:17.0.5] AndroidManifest.xml:29:17-139
76                android:value="com.google.firebase.components.ComponentRegistrar" />
76-->[com.google.firebase:firebase-measurement-connector-impl:17.0.5] AndroidManifest.xml:30:17-82
77            <meta-data
77-->[com.google.firebase:firebase-iid:17.1.0] AndroidManifest.xml:32:13-34:85
78                android:name="com.google.firebase.components:com.google.firebase.iid.Registrar"
78-->[com.google.firebase:firebase-iid:17.1.0] AndroidManifest.xml:33:17-96
79                android:value="com.google.firebase.components.ComponentRegistrar" />
79-->[com.google.firebase:firebase-iid:17.1.0] AndroidManifest.xml:34:17-82
80        </service>
81
82        <receiver
82-->[com.google.firebase:firebase-analytics:16.3.0] AndroidManifest.xml:29:9-33:20
83            android:name="com.google.android.gms.measurement.AppMeasurementReceiver"
83-->[com.google.firebase:firebase-analytics:16.3.0] AndroidManifest.xml:30:13-85
84            android:enabled="true"
84-->[com.google.firebase:firebase-analytics:16.3.0] AndroidManifest.xml:31:13-35
85            android:exported="false" >
85-->[com.google.firebase:firebase-analytics:16.3.0] AndroidManifest.xml:32:13-37
86        </receiver>
87        <receiver
87-->[com.google.firebase:firebase-analytics:16.3.0] AndroidManifest.xml:34:9-42:20
88            android:name="com.google.android.gms.measurement.AppMeasurementInstallReferrerReceiver"
88-->[com.google.firebase:firebase-analytics:16.3.0] AndroidManifest.xml:35:13-100
89            android:enabled="true"
89-->[com.google.firebase:firebase-analytics:16.3.0] AndroidManifest.xml:36:13-35
90            android:exported="true"
90-->[com.google.firebase:firebase-analytics:16.3.0] AndroidManifest.xml:37:13-36
91            android:permission="android.permission.INSTALL_PACKAGES" >
91-->[com.google.firebase:firebase-analytics:16.3.0] AndroidManifest.xml:38:13-69
92            <intent-filter>
92-->[com.google.firebase:firebase-analytics:16.3.0] AndroidManifest.xml:39:13-41:29
93                <action android:name="com.android.vending.INSTALL_REFERRER" />
93-->[com.google.firebase:firebase-analytics:16.3.0] AndroidManifest.xml:40:17-79
93-->[com.google.firebase:firebase-analytics:16.3.0] AndroidManifest.xml:40:25-76
94            </intent-filter>
95        </receiver>
96
97        <service
97-->[com.google.firebase:firebase-analytics:16.3.0] AndroidManifest.xml:44:9-47:40
98            android:name="com.google.android.gms.measurement.AppMeasurementService"
98-->[com.google.firebase:firebase-analytics:16.3.0] AndroidManifest.xml:45:13-84
99            android:enabled="true"
99-->[com.google.firebase:firebase-analytics:16.3.0] AndroidManifest.xml:46:13-35
100            android:exported="false" />
100-->[com.google.firebase:firebase-analytics:16.3.0] AndroidManifest.xml:47:13-37
101        <service
101-->[com.google.firebase:firebase-analytics:16.3.0] AndroidManifest.xml:48:9-52:72
102            android:name="com.google.android.gms.measurement.AppMeasurementJobService"
102-->[com.google.firebase:firebase-analytics:16.3.0] AndroidManifest.xml:49:13-87
103            android:enabled="true"
103-->[com.google.firebase:firebase-analytics:16.3.0] AndroidManifest.xml:50:13-35
104            android:exported="false"
104-->[com.google.firebase:firebase-analytics:16.3.0] AndroidManifest.xml:51:13-37
105            android:permission="android.permission.BIND_JOB_SERVICE" />
105-->[com.google.firebase:firebase-analytics:16.3.0] AndroidManifest.xml:52:13-69
106
107        <receiver
107-->[com.google.firebase:firebase-iid:17.1.0] AndroidManifest.xml:37:9-44:20
108            android:name="com.google.firebase.iid.FirebaseInstanceIdReceiver"
108-->[com.google.firebase:firebase-iid:17.1.0] AndroidManifest.xml:38:13-78
109            android:exported="true"
109-->[com.google.firebase:firebase-iid:17.1.0] AndroidManifest.xml:39:13-36
110            android:permission="com.google.android.c2dm.permission.SEND" >
110-->[com.google.firebase:firebase-iid:17.1.0] AndroidManifest.xml:40:13-73
111            <intent-filter>
111-->[com.google.firebase:firebase-iid:17.1.0] AndroidManifest.xml:41:13-43:29
112                <action android:name="com.google.android.c2dm.intent.RECEIVE" />
112-->[com.google.firebase:firebase-iid:17.1.0] AndroidManifest.xml:42:17-81
112-->[com.google.firebase:firebase-iid:17.1.0] AndroidManifest.xml:42:25-78
113            </intent-filter>
114        </receiver>
115        <!--
116             FirebaseInstanceIdService performs security checks at runtime,
117             no need for explicit permissions despite exported="true"
118        -->
119        <service
119-->[com.google.firebase:firebase-iid:17.1.0] AndroidManifest.xml:50:9-56:19
120            android:name="com.google.firebase.iid.FirebaseInstanceIdService"
120-->[com.google.firebase:firebase-iid:17.1.0] AndroidManifest.xml:51:13-77
121            android:exported="true" >
121-->[com.google.firebase:firebase-iid:17.1.0] AndroidManifest.xml:52:13-36
122            <intent-filter android:priority="-500" >
122-->[com.google.firebase:firebase-iid:17.1.0] AndroidManifest.xml:53:13-55:29
122-->[com.google.firebase:firebase-iid:17.1.0] AndroidManifest.xml:53:28-51
123                <action android:name="com.google.firebase.INSTANCE_ID_EVENT" />
123-->[com.google.firebase:firebase-iid:17.1.0] AndroidManifest.xml:54:17-80
123-->[com.google.firebase:firebase-iid:17.1.0] AndroidManifest.xml:54:25-77
124            </intent-filter>
125        </service>
126
127        <provider
127-->[com.google.firebase:firebase-common:16.0.3] AndroidManifest.xml:10:9-14:39
128            android:name="com.google.firebase.provider.FirebaseInitProvider"
128-->[com.google.firebase:firebase-common:16.0.3] AndroidManifest.xml:11:13-77
129            android:authorities="com.selfion.barkatekhwaja.firebaseinitprovider"
129-->[com.google.firebase:firebase-common:16.0.3] AndroidManifest.xml:12:13-72
130            android:exported="false"
130-->[com.google.firebase:firebase-common:16.0.3] AndroidManifest.xml:13:13-37
131            android:initOrder="100" />
131-->[com.google.firebase:firebase-common:16.0.3] AndroidManifest.xml:14:13-36
132
133        <activity
133-->[com.google.android.gms:play-services-base:16.0.1] AndroidManifest.xml:23:9-26:75
134            android:name="com.google.android.gms.common.api.GoogleApiActivity"
134-->[com.google.android.gms:play-services-base:16.0.1] AndroidManifest.xml:24:13-79
135            android:exported="false"
135-->[com.google.android.gms:play-services-base:16.0.1] AndroidManifest.xml:25:13-37
136            android:theme="@android:style/Theme.Translucent.NoTitleBar" />
136-->[com.google.android.gms:play-services-base:16.0.1] AndroidManifest.xml:26:13-72
137
138        <meta-data
138-->[com.google.android.gms:play-services-basement:16.0.1] AndroidManifest.xml:23:9-25:69
139            android:name="com.google.android.gms.version"
139-->[com.google.android.gms:play-services-basement:16.0.1] AndroidManifest.xml:24:13-58
140            android:value="@integer/google_play_services_version" />
140-->[com.google.android.gms:play-services-basement:16.0.1] AndroidManifest.xml:25:13-66
141    </application>
142
143</manifest>